c:\cs310\openframeworks\of_v0.10.0_vs2017_release\apps\myapps\physicspractice\obj\debug\vc141.pdb
c:\cs310\openframeworks\of_v0.10.0_vs2017_release\apps\myapps\physicspractice\obj\gamefinal\cfiles\controller.obj
c:\cs310\openframeworks\of_v0.10.0_vs2017_release\apps\myapps\physicspractice\obj\debug\src\player.obj
c:\cs310\openframeworks\of_v0.10.0_vs2017_release\apps\myapps\physicspractice\obj\debug\src\item.obj
c:\cs310\openframeworks\of_v0.10.0_vs2017_release\apps\myapps\physicspractice\obj\debug\src\controller.obj
c:\cs310\openframeworks\of_v0.10.0_vs2017_release\apps\myapps\physicspractice\obj\debug\src\ofapp.obj
c:\cs310\openframeworks\of_v0.10.0_vs2017_release\apps\myapps\addons\ofxbox2d-master\src\ofxbox2d.obj
c:\cs310\openframeworks\of_v0.10.0_vs2017_release\apps\myapps\addons\ofxbox2d-master\src\ofxbox2drect.obj
c:\cs310\openframeworks\of_v0.10.0_vs2017_release\apps\myapps\addons\ofxbox2d-master\src\ofxbox2dcircle.obj
c:\cs310\openframeworks\of_v0.10.0_vs2017_release\apps\myapps\addons\ofxbox2d-master\src\ofxbox2dedge.obj
c:\cs310\openframeworks\of_v0.10.0_vs2017_release\apps\myapps\addons\ofxbox2d-master\src\ofxbox2dconvexpoly.obj
c:\cs310\openframeworks\of_v0.10.0_vs2017_release\apps\myapps\addons\ofxbox2d-master\src\ofxbox2dpolygon.obj
c:\cs310\openframeworks\of_v0.10.0_vs2017_release\apps\myapps\addons\ofxbox2d-master\src\ofxbox2dbaseshape.obj
c:\cs310\openframeworks\of_v0.10.0_vs2017_release\apps\myapps\addons\ofxbox2d-master\src\ofxbox2djoint.obj
c:\cs310\openframeworks\of_v0.10.0_vs2017_release\apps\myapps\addons\ofxbox2d-master\libs\box2d\collision\b2collidecircle.obj
c:\cs310\openframeworks\of_v0.10.0_vs2017_release\apps\myapps\addons\ofxbox2d-master\libs\box2d\collision\b2distance.obj
c:\cs310\openframeworks\of_v0.10.0_vs2017_release\apps\myapps\addons\ofxbox2d-master\libs\box2d\collision\b2collideedge.obj
c:\cs310\openframeworks\of_v0.10.0_vs2017_release\apps\myapps\addons\ofxbox2d-master\libs\box2d\collision\b2dynamictree.obj
c:\cs310\openframeworks\of_v0.10.0_vs2017_release\apps\myapps\addons\ofxbox2d-master\libs\box2d\collision\b2broadphase.obj
c:\cs310\openframeworks\of_v0.10.0_vs2017_release\apps\myapps\addons\ofxbox2d-master\libs\box2d\collision\b2collidepolygon.obj
c:\cs310\openframeworks\of_v0.10.0_vs2017_release\apps\myapps\addons\ofxbox2d-master\libs\box2d\collision\b2collision.obj
c:\cs310\openframeworks\of_v0.10.0_vs2017_release\apps\myapps\addons\ofxbox2d-master\libs\box2d\collision\b2timeofimpact.obj
c:\cs310\openframeworks\of_v0.10.0_vs2017_release\apps\myapps\addons\ofxbox2d-master\libs\box2d\collision\shapes\b2polygonshape.obj
c:\cs310\openframeworks\of_v0.10.0_vs2017_release\apps\myapps\addons\ofxbox2d-master\libs\box2d\collision\shapes\b2circleshape.obj
c:\cs310\openframeworks\of_v0.10.0_vs2017_release\apps\myapps\addons\ofxbox2d-master\libs\box2d\collision\shapes\b2edgeshape.obj
c:\cs310\openframeworks\of_v0.10.0_vs2017_release\apps\myapps\addons\ofxbox2d-master\libs\box2d\collision\shapes\b2chainshape.obj
c:\cs310\openframeworks\of_v0.10.0_vs2017_release\apps\myapps\addons\ofxbox2d-master\libs\box2d\common\b2blockallocator.obj
c:\cs310\openframeworks\of_v0.10.0_vs2017_release\apps\myapps\addons\ofxbox2d-master\libs\box2d\common\b2stackallocator.obj
c:\cs310\openframeworks\of_v0.10.0_vs2017_release\apps\myapps\addons\ofxbox2d-master\libs\box2d\common\b2draw.obj
c:\cs310\openframeworks\of_v0.10.0_vs2017_release\apps\myapps\addons\ofxbox2d-master\libs\box2d\common\b2settings.obj
c:\cs310\openframeworks\of_v0.10.0_vs2017_release\apps\myapps\addons\ofxbox2d-master\libs\box2d\common\b2timer.obj
c:\cs310\openframeworks\of_v0.10.0_vs2017_release\apps\myapps\addons\ofxbox2d-master\libs\box2d\common\b2math.obj
c:\cs310\openframeworks\of_v0.10.0_vs2017_release\apps\myapps\addons\ofxbox2d-master\libs\box2d\dynamics\b2fixture.obj
c:\cs310\openframeworks\of_v0.10.0_vs2017_release\apps\myapps\addons\ofxbox2d-master\libs\box2d\dynamics\b2world.obj
c:\cs310\openframeworks\of_v0.10.0_vs2017_release\apps\myapps\addons\ofxbox2d-master\libs\box2d\dynamics\b2body.obj
c:\cs310\openframeworks\of_v0.10.0_vs2017_release\apps\myapps\addons\ofxbox2d-master\libs\box2d\dynamics\b2worldcallbacks.obj
c:\cs310\openframeworks\of_v0.10.0_vs2017_release\apps\myapps\addons\ofxbox2d-master\libs\box2d\dynamics\b2island.obj
c:\cs310\openframeworks\of_v0.10.0_vs2017_release\apps\myapps\addons\ofxbox2d-master\libs\box2d\dynamics\b2contactmanager.obj
c:\cs310\openframeworks\of_v0.10.0_vs2017_release\apps\myapps\addons\ofxbox2d-master\libs\box2d\dynamics\contacts\b2chainandcirclecontact.obj
c:\cs310\openframeworks\of_v0.10.0_vs2017_release\apps\myapps\addons\ofxbox2d-master\libs\box2d\dynamics\contacts\b2edgeandpolygoncontact.obj
c:\cs310\openframeworks\of_v0.10.0_vs2017_release\apps\myapps\addons\ofxbox2d-master\libs\box2d\dynamics\contacts\b2polygoncontact.obj
c:\cs310\openframeworks\of_v0.10.0_vs2017_release\apps\myapps\addons\ofxbox2d-master\libs\box2d\dynamics\contacts\b2contact.obj
c:\cs310\openframeworks\of_v0.10.0_vs2017_release\apps\myapps\addons\ofxbox2d-master\libs\box2d\dynamics\contacts\b2polygonandcirclecontact.obj
c:\cs310\openframeworks\of_v0.10.0_vs2017_release\apps\myapps\addons\ofxbox2d-master\libs\box2d\dynamics\contacts\b2chainandpolygoncontact.obj
c:\cs310\openframeworks\of_v0.10.0_vs2017_release\apps\myapps\addons\ofxbox2d-master\libs\box2d\dynamics\contacts\b2edgeandcirclecontact.obj
c:\cs310\openframeworks\of_v0.10.0_vs2017_release\apps\myapps\addons\ofxbox2d-master\libs\box2d\dynamics\contacts\b2circlecontact.obj
c:\cs310\openframeworks\of_v0.10.0_vs2017_release\apps\myapps\addons\ofxbox2d-master\libs\box2d\dynamics\contacts\b2contactsolver.obj
c:\cs310\openframeworks\of_v0.10.0_vs2017_release\apps\myapps\addons\ofxbox2d-master\libs\box2d\dynamics\joints\b2distancejoint.obj
c:\cs310\openframeworks\of_v0.10.0_vs2017_release\apps\myapps\addons\ofxbox2d-master\libs\box2d\dynamics\joints\b2motorjoint.obj
c:\cs310\openframeworks\of_v0.10.0_vs2017_release\apps\myapps\addons\ofxbox2d-master\libs\box2d\dynamics\joints\b2weldjoint.obj
c:\cs310\openframeworks\of_v0.10.0_vs2017_release\apps\myapps\addons\ofxbox2d-master\libs\box2d\dynamics\joints\b2joint.obj
c:\cs310\openframeworks\of_v0.10.0_vs2017_release\apps\myapps\addons\ofxbox2d-master\libs\box2d\dynamics\joints\b2pulleyjoint.obj
c:\cs310\openframeworks\of_v0.10.0_vs2017_release\apps\myapps\addons\ofxbox2d-master\libs\box2d\dynamics\joints\b2wheeljoint.obj
c:\cs310\openframeworks\of_v0.10.0_vs2017_release\apps\myapps\addons\ofxbox2d-master\libs\box2d\dynamics\joints\b2gearjoint.obj
c:\cs310\openframeworks\of_v0.10.0_vs2017_release\apps\myapps\addons\ofxbox2d-master\libs\box2d\dynamics\joints\b2prismaticjoint.obj
c:\cs310\openframeworks\of_v0.10.0_vs2017_release\apps\myapps\addons\ofxbox2d-master\libs\box2d\dynamics\joints\b2ropejoint.obj
c:\cs310\openframeworks\of_v0.10.0_vs2017_release\apps\myapps\addons\ofxbox2d-master\libs\box2d\dynamics\joints\b2frictionjoint.obj
c:\cs310\openframeworks\of_v0.10.0_vs2017_release\apps\myapps\addons\ofxbox2d-master\libs\box2d\dynamics\joints\b2mousejoint.obj
c:\cs310\openframeworks\of_v0.10.0_vs2017_release\apps\myapps\addons\ofxbox2d-master\libs\box2d\dynamics\joints\b2revolutejoint.obj
c:\cs310\openframeworks\of_v0.10.0_vs2017_release\apps\myapps\addons\ofxbox2d-master\libs\box2d\rope\b2rope.obj
c:\cs310\openframeworks\of_v0.10.0_vs2017_release\apps\myapps\addons\ofxbox2d-master\libs\triangle\del_impl.obj
c:\cs310\openframeworks\of_v0.10.0_vs2017_release\apps\myapps\physicspractice\obj\debug\src\gamemanager.obj
c:\cs310\openframeworks\of_v0.10.0_vs2017_release\apps\myapps\physicspractice\obj\debug\src\menu.obj
c:\cs310\openframeworks\of_v0.10.0_vs2017_release\apps\myapps\physicspractice\obj\debug\src\multiplayermanager.obj
c:\cs310\openframeworks\of_v0.10.0_vs2017_release\apps\myapps\physicspractice\obj\debug\src\main.obj
c:\cs310\openframeworks\of_v0.10.0_vs2017_release\apps\myapps\physicspractice\obj\debug\src\collider.obj
c:\cs310\openframeworks\of_v0.10.0_vs2017_release\apps\myapps\physicspractice\obj\debug\src\environment.obj
c:\cs310\openframeworks\of_v0.10.0_vs2017_release\apps\myapps\physicspractice\obj\debug\src\bullet.obj
c:\cs310\openframeworks\of_v0.10.0_vs2017_release\apps\myapps\physicspractice\obj\debug\src\shootinghandler.obj
c:\cs310\openframeworks\of_v0.10.0_vs2017_release\apps\myapps\physicspractice\obj\gamefinal\cfiles\enemy.obj
c:\cs310\openframeworks\of_v0.10.0_vs2017_release\apps\myapps\physicspractice\obj\debug\src\enemy.obj
c:\cs310\openframeworks\of_v0.10.0_vs2017_release\apps\myapps\physicspractice\bin\physicspractice_debug.exe
c:\cs310\openframeworks\of_v0.10.0_vs2017_release\apps\myapps\physicspractice\bin\physicspractice_debug.ilk
c:\cs310\openframeworks\of_v0.10.0_vs2017_release\apps\myapps\physicspractice\bin\physicspractice_debug.pdb
c:\cs310\openframeworks\of_v0.10.0_vs2017_release\apps\myapps\physicspractice\bin\physicspractice_debug.lib
c:\cs310\openframeworks\of_v0.10.0_vs2017_release\apps\myapps\physicspractice\bin\physicspractice_debug.exp
c:\cs310\openframeworks\of_v0.10.0_vs2017_release\apps\myapps\physicspractice\obj\debug\icon.res
c:\cs310\openframeworks\of_v0.10.0_vs2017_release\apps\myapps\physicspractice\obj\debug\physicspractice.tlog\cl.command.1.tlog
c:\cs310\openframeworks\of_v0.10.0_vs2017_release\apps\myapps\physicspractice\obj\debug\physicspractice.tlog\cl.read.1.tlog
c:\cs310\openframeworks\of_v0.10.0_vs2017_release\apps\myapps\physicspractice\obj\debug\physicspractice.tlog\cl.write.1.tlog
c:\cs310\openframeworks\of_v0.10.0_vs2017_release\apps\myapps\physicspractice\obj\debug\physicspractice.tlog\link.command.1.tlog
c:\cs310\openframeworks\of_v0.10.0_vs2017_release\apps\myapps\physicspractice\obj\debug\physicspractice.tlog\link.read.1.tlog
c:\cs310\openframeworks\of_v0.10.0_vs2017_release\apps\myapps\physicspractice\obj\debug\physicspractice.tlog\link.write.1.tlog
c:\cs310\openframeworks\of_v0.10.0_vs2017_release\apps\myapps\physicspractice\obj\debug\physicspractice.tlog\physicspractice.write.1u.tlog
c:\cs310\openframeworks\of_v0.10.0_vs2017_release\apps\myapps\physicspractice\obj\debug\physicspractice.tlog\rc.command.1.tlog
c:\cs310\openframeworks\of_v0.10.0_vs2017_release\apps\myapps\physicspractice\obj\debug\physicspractice.tlog\rc.read.1.tlog
c:\cs310\openframeworks\of_v0.10.0_vs2017_release\apps\myapps\physicspractice\obj\debug\physicspractice.tlog\rc.write.1.tlog
